# do {tb_compile.do}
# Model Technology ModelSim PE vmap 10.4c Lib Mapping Utility 2015.07 Jul 20 2015
# vmap xil_defaultlib msim/xil_defaultlib 
# Modifying modelsim.ini
# ** Warning: (vlog-159) Mode option -64 is not supported in this context and will be ignored.
# 
# Model Technology ModelSim PE vlog 10.4c Compiler 2015.07 Jul 20 2015
# Start time: 13:04:18 on Jun 15,2018
# vlog -64 -incr -work xil_defaultlib tb_time_synth.v ../../../../mips54.srcs/sim_1/imports/new/tb.v 
# -- Compiling module RAM256X1S_UNIQ_BASE_
# -- Compiling module RAM256X1S_HD100
# -- Compiling module RAM256X1S_HD101
# -- Compiling module RAM256X1S_HD102
# -- Compiling module RAM256X1S_HD103
# -- Compiling module RAM256X1S_HD104
# -- Compiling module RAM256X1S_HD105
# -- Compiling module RAM256X1S_HD106
# -- Compiling module RAM256X1S_HD107
# -- Compiling module RAM256X1S_HD108
# -- Compiling module RAM256X1S_HD109
# -- Compiling module RAM256X1S_HD110
# -- Compiling module RAM256X1S_HD111
# -- Compiling module RAM256X1S_HD112
# -- Compiling module RAM256X1S_HD113
# -- Compiling module RAM256X1S_HD114
# -- Compiling module RAM256X1S_HD115
# -- Compiling module RAM256X1S_HD116
# -- Compiling module RAM256X1S_HD117
# -- Compiling module RAM256X1S_HD118
# -- Compiling module RAM256X1S_HD119
# -- Compiling module RAM256X1S_HD120
# -- Compiling module RAM256X1S_HD121
# -- Compiling module RAM256X1S_HD122
# -- Compiling module RAM256X1S_HD123
# -- Compiling module RAM256X1S_HD124
# -- Compiling module RAM256X1S_HD125
# -- Compiling module RAM256X1S_HD126
# -- Compiling module RAM256X1S_HD64
# -- Compiling module RAM256X1S_HD65
# -- Compiling module RAM256X1S_HD66
# -- Compiling module RAM256X1S_HD67
# -- Compiling module RAM256X1S_HD68
# -- Compiling module RAM256X1S_HD69
# -- Compiling module RAM256X1S_HD70
# -- Compiling module RAM256X1S_HD71
# -- Compiling module RAM256X1S_HD72
# -- Compiling module RAM256X1S_HD73
# -- Compiling module RAM256X1S_HD74
# -- Compiling module RAM256X1S_HD75
# -- Compiling module RAM256X1S_HD76
# -- Compiling module RAM256X1S_HD77
# -- Compiling module RAM256X1S_HD78
# -- Compiling module RAM256X1S_HD79
# -- Compiling module RAM256X1S_HD80
# -- Compiling module RAM256X1S_HD81
# -- Compiling module RAM256X1S_HD82
# -- Compiling module RAM256X1S_HD83
# -- Compiling module RAM256X1S_HD84
# -- Compiling module RAM256X1S_HD85
# -- Compiling module RAM256X1S_HD86
# -- Compiling module RAM256X1S_HD87
# -- Compiling module RAM256X1S_HD88
# -- Compiling module RAM256X1S_HD89
# -- Compiling module RAM256X1S_HD90
# -- Compiling module RAM256X1S_HD91
# -- Compiling module RAM256X1S_HD92
# -- Compiling module RAM256X1S_HD93
# -- Compiling module RAM256X1S_HD94
# -- Compiling module RAM256X1S_HD95
# -- Compiling module RAM256X1S_HD96
# -- Compiling module RAM256X1S_HD97
# -- Compiling module RAM256X1S_HD98
# -- Compiling module RAM256X1S_HD99
# -- Compiling module dist_mem_gen_0
# -- Compiling module CP0
# -- Compiling module DIV
# -- Compiling module DIVU
# -- Compiling module MDU
# -- Compiling module MULT
# -- Compiling module MULTU
# -- Compiling module RegFiles
# -- Compiling module mips54
# -- Compiling module pcreg
# -- Compiling module ram__4
# -- Compiling module sccomp_dataflow
# -- Compiling module dist_mem_gen_0_dist_mem_gen_v8_0_10
# -- Compiling module dist_mem_gen_0_dist_mem_gen_v8_0_10_synth
# -- Compiling module dist_mem_gen_0_rom
# -- Compiling module glbl
# -- Compiling module tb
# 
# Top level modules:
# 	glbl
# 	tb
# End time: 13:04:19 on Jun 15,2018, Elapsed time: 0:00:01
# Errors: 0, Warnings: 1
